c:\users\lambr\source\repos\grammar\grammar\grammar.tab.cpp
c:\users\lambr\source\repos\grammar\grammar\grammar.flex.cpp
c:\users\lambr\source\repos\grammar\grammar\debug\vc142.pdb
c:\users\lambr\source\repos\grammar\grammar\debug\vc142.idb
c:\users\lambr\source\repos\grammar\grammar\debug\symboltable.obj
c:\users\lambr\source\repos\grammar\grammar\debug\symbolnodes.obj
c:\users\lambr\source\repos\grammar\grammar\debug\stnode.obj
c:\users\lambr\source\repos\grammar\grammar\debug\main.obj
c:\users\lambr\source\repos\grammar\grammar\debug\grammar.tab.obj
c:\users\lambr\source\repos\grammar\grammar\debug\grammar.flex.obj
c:\users\lambr\source\repos\grammar\debug\grammar.ilk
c:\users\lambr\source\repos\grammar\debug\grammar.exe
c:\users\lambr\source\repos\grammar\debug\grammar.pdb
c:\users\lambr\source\repos\grammar\grammar\debug\grammar.write.1.tlog
c:\users\lambr\source\repos\grammar\grammar\debug\grammar.tlog\cl.command.1.tlog
c:\users\lambr\source\repos\grammar\grammar\debug\grammar.tlog\cl.read.1.tlog
c:\users\lambr\source\repos\grammar\grammar\debug\grammar.tlog\cl.write.1.tlog
c:\users\lambr\source\repos\grammar\grammar\debug\grammar.tlog\link.command.1.tlog
c:\users\lambr\source\repos\grammar\grammar\debug\grammar.tlog\link.read.1.tlog
c:\users\lambr\source\repos\grammar\grammar\debug\grammar.tlog\link.write.1.tlog
